<?xml version="1.0" encoding="UTF-8"?>
<!-- Generated by org.testng.reporters.JUnitReportReporter -->
<testsuite hostname="DESKTOP-D4CEQKQ" failures="0" tests="1" name="com.Techlistic.TestCases.TC_001" time="42.351" errors="0" timestamp="6 Mar 2020 06:20:49 GMT">
  <testcase classname="com.Techlistic.TestCases.TC_001" name="start" time="42.351"/>
</testsuite> <!-- com.Techlistic.TestCases.TC_001 -->
