<?xml version="1.0" encoding="UTF-8"?>
<!-- Generated by org.testng.reporters.JUnitReportReporter -->
<testsuite hostname="DESKTOP-D4CEQKQ" failures="0" tests="6" name="com.Techlistic.TestCases.homepage" time="17.984" errors="0" timestamp="6 Mar 2020 16:31:51 GMT">
  <testcase classname="com.Techlistic.TestCases.homepage" name="TC_001" time="0.948"/>
  <testcase classname="com.Techlistic.TestCases.homepage" name="TC_002" time="0.021"/>
  <testcase classname="com.Techlistic.TestCases.homepage" name="TC_003" time="0.241"/>
  <testcase classname="com.Techlistic.TestCases.homepage" name="TC_005" time="5.150"/>
  <testcase classname="com.Techlistic.TestCases.homepage" name="TC_004" time="5.737"/>
  <testcase classname="com.Techlistic.TestCases.homepage" name="TC_006" time="5.887"/>
</testsuite> <!-- com.Techlistic.TestCases.homepage -->
