<?xml version="1.0" encoding="UTF-8"?>
<!-- Generated by org.testng.reporters.JUnitReportReporter -->
<testsuite hostname="DESKTOP-D4CEQKQ" failures="0" tests="1" name="com.Techlistic.TestCases.automategooglesearch" time="55.061" errors="0" timestamp="16 Mar 2020 05:12:34 GMT">
  <testcase classname="com.Techlistic.TestCases.automategooglesearch" name="googlesearch" time="55.061"/>
</testsuite> <!-- com.Techlistic.TestCases.automategooglesearch -->
