<?xml version="1.0" encoding="UTF-8"?>
<!-- Generated by org.testng.reporters.JUnitReportReporter -->
<testsuite hostname="DESKTOP-D4CEQKQ" failures="0" tests="1" name="com.Techlistic.TestCases.loginstore" time="46.504" errors="0" timestamp="17 Mar 2020 04:58:04 GMT">
  <testcase classname="com.Techlistic.TestCases.loginstore" name="TC_001" time="46.504"/>
</testsuite> <!-- com.Techlistic.TestCases.loginstore -->
