<?xml version="1.0" encoding="UTF-8"?>
<!-- Generated by org.testng.reporters.JUnitReportReporter -->
<testsuite hostname="DESKTOP-D4CEQKQ" failures="0" tests="1" name="com.Techlistic.TestCases.alertwindow" time="29.820" errors="0" timestamp="16 Mar 2020 14:17:48 GMT">
  <testcase classname="com.Techlistic.TestCases.alertwindow" name="alert" time="29.820"/>
</testsuite> <!-- com.Techlistic.TestCases.alertwindow -->
