<?xml version="1.0" encoding="UTF-8"?>
<!-- Generated by org.testng.reporters.JUnitReportReporter -->
<testsuite hostname="DESKTOP-D4CEQKQ" failures="0" tests="1" name="com.Techlistic.TestCases.userregistration" time="71.205" errors="0" timestamp="16 Mar 2020 09:42:09 GMT">
  <testcase classname="com.Techlistic.TestCases.userregistration" name="TC_001" time="71.205"/>
</testsuite> <!-- com.Techlistic.TestCases.userregistration -->
